<?xml version="1.0" encoding="UTF-8"?>
<!-- Generated by org.testng.reporters.JUnitReportReporter -->
<testsuite skipped="0" hostname="Bhabanis-MacBook-Air.local" name="appTests.Practice" tests="3" failures="0" timestamp="12 Nov 2018 04:35:31 GMT" time="28.747" errors="0">
  <testcase name="loginToSocio" time="0.408" classname="appTests.Practice"/>
  <testcase name="createNewImplementation" time="26.788" classname="appTests.Practice"/>
  <testcase name="deleteNewIMplementation" time="1.551" classname="appTests.Practice"/>
</testsuite> <!-- appTests.Practice -->
