<?xml version="1.0" encoding="UTF-8"?>
<!-- Generated by org.testng.reporters.JUnitReportReporter -->
<testsuite skipped="1" hostname="Bhabanis-MacBook-Air.local" name="appTests.Practice" tests="5" failures="0" timestamp="26 Oct 2018 05:58:43 GMT" time="5.403" errors="0">
  <testcase name="LoginTest" time="2.757" classname="appTests.Practice"/>
  <testcase name="CreateUser" time="0.647" classname="appTests.Practice"/>
  <testcase name="CreatePackage" time="0.647" classname="appTests.Practice"/>
  <testcase name="AddPeople" time="0.703" classname="appTests.Practice"/>
  <testcase name="LogOutTest" time="0.649" classname="appTests.Practice">
    <skipped/>
  </testcase> <!-- LogOutTest -->
</testsuite> <!-- appTests.Practice -->
