<?xml version="1.0" encoding="UTF-8"?>
<!-- Generated by org.testng.reporters.JUnitReportReporter -->
<testsuite skipped="0" hostname="Bhabanis-MacBook-Air.local" name="appTests.Practice" tests="3" failures="0" timestamp="05 Nov 2018 09:23:48 GMT" time="39.890" errors="0">
  <testcase name="loginToSocio" time="2.980" classname="appTests.Practice"/>
  <testcase name="createNewImplementation" time="34.502" classname="appTests.Practice"/>
  <testcase name="deleteNewIMplementation" time="2.408" classname="appTests.Practice"/>
</testsuite> <!-- appTests.Practice -->
